{"/Users/georgiy-p/Desktop/hexlet_project 2/frontend-project-lvl2/index.js": {"path":"/Users/georgiy-p/Desktop/hexlet_project 2/frontend-project-lvl2/index.js","all":false,"statementMap":{"0":{"start":{"line":1,"column":0},"end":{"line":1,"column":45}},"1":{"start":{"line":2,"column":0},"end":{"line":2,"column":41}},"2":{"start":{"line":3,"column":0},"end":{"line":3,"column":0}},"3":{"start":{"line":4,"column":0},"end":{"line":4,"column":49}},"4":{"start":{"line":5,"column":0},"end":{"line":5,"column":22}},"5":{"start":{"line":6,"column":0},"end":{"line":6,"column":29}},"6":{"start":{"line":7,"column":0},"end":{"line":7,"column":16}},"7":{"start":{"line":8,"column":0},"end":{"line":8,"column":5}},"8":{"start":{"line":9,"column":0},"end":{"line":9,"column":27}},"9":{"start":{"line":10,"column":0},"end":{"line":10,"column":13}},"10":{"start":{"line":11,"column":0},"end":{"line":11,"column":27}},"11":{"start":{"line":12,"column":0},"end":{"line":12,"column":14}},"12":{"start":{"line":13,"column":0},"end":{"line":13,"column":3}},"13":{"start":{"line":14,"column":0},"end":{"line":14,"column":11}},"14":{"start":{"line":15,"column":0},"end":{"line":15,"column":3}},"15":{"start":{"line":16,"column":0},"end":{"line":16,"column":0}},"16":{"start":{"line":17,"column":0},"end":{"line":17,"column":42}},"17":{"start":{"line":18,"column":0},"end":{"line":18,"column":47}},"18":{"start":{"line":19,"column":0},"end":{"line":19,"column":47}},"19":{"start":{"line":20,"column":0},"end":{"line":20,"column":39}},"20":{"start":{"line":21,"column":0},"end":{"line":21,"column":39}},"21":{"start":{"line":22,"column":0},"end":{"line":22,"column":72}},"22":{"start":{"line":23,"column":0},"end":{"line":23,"column":72}},"23":{"start":{"line":24,"column":0},"end":{"line":24,"column":72}},"24":{"start":{"line":25,"column":0},"end":{"line":25,"column":17}},"25":{"start":{"line":26,"column":0},"end":{"line":26,"column":27}},"26":{"start":{"line":27,"column":0},"end":{"line":27,"column":36}},"27":{"start":{"line":28,"column":0},"end":{"line":28,"column":55}},"28":{"start":{"line":29,"column":0},"end":{"line":29,"column":12}},"29":{"start":{"line":30,"column":0},"end":{"line":30,"column":55}},"30":{"start":{"line":31,"column":0},"end":{"line":31,"column":55}},"31":{"start":{"line":32,"column":0},"end":{"line":32,"column":5}},"32":{"start":{"line":33,"column":0},"end":{"line":33,"column":15}},"33":{"start":{"line":34,"column":0},"end":{"line":34,"column":5}},"34":{"start":{"line":35,"column":0},"end":{"line":35,"column":30}},"35":{"start":{"line":36,"column":0},"end":{"line":36,"column":53}},"36":{"start":{"line":37,"column":0},"end":{"line":37,"column":5}},"37":{"start":{"line":38,"column":0},"end":{"line":38,"column":30}},"38":{"start":{"line":39,"column":0},"end":{"line":39,"column":53}},"39":{"start":{"line":40,"column":0},"end":{"line":40,"column":5}},"40":{"start":{"line":41,"column":0},"end":{"line":41,"column":35}},"41":{"start":{"line":42,"column":0},"end":{"line":42,"column":56}},"42":{"start":{"line":43,"column":0},"end":{"line":43,"column":16}},"43":{"start":{"line":44,"column":0},"end":{"line":44,"column":2}}},"s":{"0":1,"1":1,"2":1,"3":1,"4":20,"5":2,"6":0,"7":0,"8":20,"9":8,"10":18,"11":10,"12":10,"13":2,"14":2,"15":1,"16":1,"17":2,"18":2,"19":2,"20":2,"21":2,"22":2,"23":2,"24":2,"25":2,"26":4,"27":2,"28":2,"29":2,"30":2,"31":2,"32":4,"33":4,"34":2,"35":4,"36":4,"37":2,"38":2,"39":2,"40":2,"41":2,"42":2,"43":2},"branchMap":{"0":{"type":"branch","line":4,"loc":{"start":{"line":4,"column":19},"end":{"line":15,"column":3}},"locations":[{"start":{"line":4,"column":19},"end":{"line":15,"column":3}}]},"1":{"type":"branch","line":4,"loc":{"start":{"line":4,"column":38},"end":{"line":15,"column":3}},"locations":[{"start":{"line":4,"column":38},"end":{"line":15,"column":3}}]},"2":{"type":"branch","line":5,"loc":{"start":{"line":5,"column":21},"end":{"line":9,"column":9}},"locations":[{"start":{"line":5,"column":21},"end":{"line":9,"column":9}}]},"3":{"type":"branch","line":6,"loc":{"start":{"line":6,"column":28},"end":{"line":8,"column":5}},"locations":[{"start":{"line":6,"column":28},"end":{"line":8,"column":5}}]},"4":{"type":"branch","line":9,"loc":{"start":{"line":9,"column":3},"end":{"line":13,"column":3}},"locations":[{"start":{"line":9,"column":3},"end":{"line":13,"column":3}}]},"5":{"type":"branch","line":9,"loc":{"start":{"line":9,"column":26},"end":{"line":11,"column":9}},"locations":[{"start":{"line":9,"column":26},"end":{"line":11,"column":9}}]},"6":{"type":"branch","line":11,"loc":{"start":{"line":11,"column":3},"end":{"line":13,"column":3}},"locations":[{"start":{"line":11,"column":3},"end":{"line":13,"column":3}}]},"7":{"type":"branch","line":14,"loc":{"start":{"line":14,"column":-1},"end":{"line":15,"column":3}},"locations":[{"start":{"line":14,"column":-1},"end":{"line":15,"column":3}}]},"8":{"type":"branch","line":17,"loc":{"start":{"line":17,"column":15},"end":{"line":44,"column":2}},"locations":[{"start":{"line":17,"column":15},"end":{"line":44,"column":2}}]},"9":{"type":"branch","line":22,"loc":{"start":{"line":22,"column":38},"end":{"line":22,"column":56}},"locations":[{"start":{"line":22,"column":38},"end":{"line":22,"column":56}}]},"10":{"type":"branch","line":23,"loc":{"start":{"line":23,"column":38},"end":{"line":23,"column":56}},"locations":[{"start":{"line":23,"column":38},"end":{"line":23,"column":56}}]},"11":{"type":"branch","line":24,"loc":{"start":{"line":24,"column":39},"end":{"line":24,"column":56}},"locations":[{"start":{"line":24,"column":39},"end":{"line":24,"column":56}}]},"12":{"type":"branch","line":26,"loc":{"start":{"line":26,"column":18},"end":{"line":34,"column":5}},"locations":[{"start":{"line":26,"column":18},"end":{"line":34,"column":5}}]},"13":{"type":"branch","line":27,"loc":{"start":{"line":27,"column":35},"end":{"line":32,"column":5}},"locations":[{"start":{"line":27,"column":35},"end":{"line":32,"column":5}}]},"14":{"type":"branch","line":35,"loc":{"start":{"line":35,"column":21},"end":{"line":37,"column":5}},"locations":[{"start":{"line":35,"column":21},"end":{"line":37,"column":5}}]},"15":{"type":"branch","line":38,"loc":{"start":{"line":38,"column":21},"end":{"line":40,"column":5}},"locations":[{"start":{"line":38,"column":21},"end":{"line":40,"column":5}}]}},"b":{"0":[2],"1":[20],"2":[2],"3":[0],"4":[18],"5":[8],"6":[10],"7":[2],"8":[2],"9":[8],"10":[6],"11":[8],"12":[4],"13":[2],"14":[4],"15":[2]},"fnMap":{"0":{"name":"getSorted","decl":{"start":{"line":4,"column":19},"end":{"line":15,"column":3}},"loc":{"start":{"line":4,"column":19},"end":{"line":15,"column":3}},"line":4},"1":{"name":"default","decl":{"start":{"line":17,"column":15},"end":{"line":44,"column":2}},"loc":{"start":{"line":17,"column":15},"end":{"line":44,"column":2}},"line":17}},"f":{"0":2,"1":2}}
,"/Users/georgiy-p/Desktop/hexlet_project 2/frontend-project-lvl2/src/filetools.js": {"path":"/Users/georgiy-p/Desktop/hexlet_project 2/frontend-project-lvl2/src/filetools.js","all":false,"statementMap":{"0":{"start":{"line":1,"column":0},"end":{"line":1,"column":20}},"1":{"start":{"line":2,"column":0},"end":{"line":2,"column":24}},"2":{"start":{"line":3,"column":0},"end":{"line":3,"column":30}},"3":{"start":{"line":4,"column":0},"end":{"line":4,"column":0}},"4":{"start":{"line":5,"column":0},"end":{"line":5,"column":69}},"5":{"start":{"line":6,"column":0},"end":{"line":6,"column":0}},"6":{"start":{"line":7,"column":0},"end":{"line":7,"column":53}},"7":{"start":{"line":8,"column":0},"end":{"line":8,"column":42}},"8":{"start":{"line":9,"column":0},"end":{"line":9,"column":38}},"9":{"start":{"line":10,"column":0},"end":{"line":10,"column":39}},"10":{"start":{"line":11,"column":0},"end":{"line":11,"column":3}},"11":{"start":{"line":12,"column":0},"end":{"line":12,"column":48}},"12":{"start":{"line":13,"column":0},"end":{"line":13,"column":56}},"13":{"start":{"line":14,"column":0},"end":{"line":14,"column":31}},"14":{"start":{"line":15,"column":0},"end":{"line":15,"column":4}},"15":{"start":{"line":16,"column":0},"end":{"line":16,"column":46}},"16":{"start":{"line":17,"column":0},"end":{"line":17,"column":25}},"17":{"start":{"line":18,"column":0},"end":{"line":18,"column":47}},"18":{"start":{"line":19,"column":0},"end":{"line":19,"column":40}},"19":{"start":{"line":20,"column":0},"end":{"line":20,"column":7}},"20":{"start":{"line":21,"column":0},"end":{"line":21,"column":34}},"21":{"start":{"line":22,"column":0},"end":{"line":22,"column":16}},"22":{"start":{"line":23,"column":0},"end":{"line":23,"column":2}},"23":{"start":{"line":24,"column":0},"end":{"line":24,"column":0}},"24":{"start":{"line":25,"column":0},"end":{"line":25,"column":29}},"25":{"start":{"line":26,"column":0},"end":{"line":26,"column":0}},"26":{"start":{"line":27,"column":0},"end":{"line":27,"column":78}},"27":{"start":{"line":28,"column":0},"end":{"line":28,"column":30}},"28":{"start":{"line":29,"column":0},"end":{"line":29,"column":32}},"29":{"start":{"line":30,"column":0},"end":{"line":30,"column":46}},"30":{"start":{"line":31,"column":0},"end":{"line":31,"column":3}},"31":{"start":{"line":32,"column":0},"end":{"line":32,"column":52}},"32":{"start":{"line":33,"column":0},"end":{"line":33,"column":2}}},"s":{"0":1,"1":1,"2":1,"3":1,"4":1,"5":1,"6":1,"7":5494,"8":5494,"9":4,"10":4,"11":5490,"12":48162,"13":48162,"14":48162,"15":5490,"16":5490,"17":5490,"18":5490,"19":5490,"20":5490,"21":5490,"22":5490,"23":1,"24":1,"25":1,"26":1,"27":1,"28":4,"29":1,"30":1,"31":3,"32":3},"branchMap":{"0":{"type":"branch","line":5,"loc":{"start":{"line":5,"column":20},"end":{"line":5,"column":44}},"locations":[{"start":{"line":5,"column":20},"end":{"line":5,"column":44}}]},"1":{"type":"branch","line":7,"loc":{"start":{"line":7,"column":16},"end":{"line":23,"column":2}},"locations":[{"start":{"line":7,"column":16},"end":{"line":23,"column":2}}]},"2":{"type":"branch","line":9,"loc":{"start":{"line":9,"column":37},"end":{"line":11,"column":3}},"locations":[{"start":{"line":9,"column":37},"end":{"line":11,"column":3}}]},"3":{"type":"branch","line":12,"loc":{"start":{"line":12,"column":-1},"end":{"line":23,"column":2}},"locations":[{"start":{"line":12,"column":-1},"end":{"line":23,"column":2}}]},"4":{"type":"branch","line":12,"loc":{"start":{"line":12,"column":37},"end":{"line":15,"column":4}},"locations":[{"start":{"line":12,"column":37},"end":{"line":15,"column":4}}]},"5":{"type":"branch","line":16,"loc":{"start":{"line":16,"column":13},"end":{"line":16,"column":29}},"locations":[{"start":{"line":16,"column":13},"end":{"line":16,"column":29}}]},"6":{"type":"branch","line":17,"loc":{"start":{"line":17,"column":14},"end":{"line":20,"column":7}},"locations":[{"start":{"line":17,"column":14},"end":{"line":20,"column":7}}]},"7":{"type":"branch","line":28,"loc":{"start":{"line":28,"column":16},"end":{"line":33,"column":2}},"locations":[{"start":{"line":28,"column":16},"end":{"line":33,"column":2}}]},"8":{"type":"branch","line":29,"loc":{"start":{"line":29,"column":31},"end":{"line":31,"column":3}},"locations":[{"start":{"line":29,"column":31},"end":{"line":31,"column":3}}]},"9":{"type":"branch","line":32,"loc":{"start":{"line":32,"column":-1},"end":{"line":33,"column":2}},"locations":[{"start":{"line":32,"column":-1},"end":{"line":33,"column":2}}]}},"b":{"0":[53656],"1":[5494],"2":[4],"3":[5490],"4":[48162],"5":[5650],"6":[5490],"7":[4],"8":[1],"9":[3]},"fnMap":{"0":{"name":"getFullPath","decl":{"start":{"line":5,"column":20},"end":{"line":5,"column":44}},"loc":{"start":{"line":5,"column":20},"end":{"line":5,"column":44}},"line":5},"1":{"name":"getFile","decl":{"start":{"line":7,"column":16},"end":{"line":23,"column":2}},"loc":{"start":{"line":7,"column":16},"end":{"line":23,"column":2}},"line":7},"2":{"name":"default","decl":{"start":{"line":28,"column":16},"end":{"line":33,"column":2}},"loc":{"start":{"line":28,"column":16},"end":{"line":33,"column":2}},"line":28}},"f":{"0":53656,"1":5494,"2":4}}
}
