TN:
SF:index.js
FN:4,getSorted
FN:17,default
FNF:2
FNH:2
FNDA:2,getSorted
FNDA:2,default
DA:1,1
DA:2,1
DA:3,1
DA:4,1
DA:5,20
DA:6,2
DA:7,0
DA:8,0
DA:9,20
DA:10,8
DA:11,18
DA:12,10
DA:13,10
DA:14,2
DA:15,2
DA:16,1
DA:17,1
DA:18,2
DA:19,2
DA:20,2
DA:21,2
DA:22,2
DA:23,2
DA:24,2
DA:25,2
DA:26,2
DA:27,4
DA:28,2
DA:29,2
DA:30,2
DA:31,2
DA:32,2
DA:33,4
DA:34,4
DA:35,2
DA:36,4
DA:37,4
DA:38,2
DA:39,2
DA:40,2
DA:41,2
DA:42,2
DA:43,2
DA:44,2
LF:44
LH:42
BRDA:4,0,0,2
BRDA:4,1,0,20
BRDA:5,2,0,2
BRDA:6,3,0,0
BRDA:9,4,0,18
BRDA:9,5,0,8
BRDA:11,6,0,10
BRDA:14,7,0,2
BRDA:17,8,0,2
BRDA:22,9,0,8
BRDA:23,10,0,6
BRDA:24,11,0,8
BRDA:26,12,0,4
BRDA:27,13,0,2
BRDA:35,14,0,4
BRDA:38,15,0,2
BRF:16
BRH:15
end_of_record
TN:
SF:src/filetools.js
FN:5,getFullPath
FN:7,getFile
FN:28,default
FNF:3
FNH:3
FNDA:53656,getFullPath
FNDA:5494,getFile
FNDA:4,default
DA:1,1
DA:2,1
DA:3,1
DA:4,1
DA:5,1
DA:6,1
DA:7,1
DA:8,5494
DA:9,5494
DA:10,4
DA:11,4
DA:12,5490
DA:13,48162
DA:14,48162
DA:15,48162
DA:16,5490
DA:17,5490
DA:18,5490
DA:19,5490
DA:20,5490
DA:21,5490
DA:22,5490
DA:23,5490
DA:24,1
DA:25,1
DA:26,1
DA:27,1
DA:28,1
DA:29,4
DA:30,1
DA:31,1
DA:32,3
DA:33,3
LF:33
LH:33
BRDA:5,0,0,53656
BRDA:7,1,0,5494
BRDA:9,2,0,4
BRDA:12,3,0,5490
BRDA:12,4,0,48162
BRDA:16,5,0,5650
BRDA:17,6,0,5490
BRDA:28,7,0,4
BRDA:29,8,0,1
BRDA:32,9,0,3
BRF:10
BRH:10
end_of_record
